### ISSUE TITLE
尝试在 linux 上跑，build 没问题但 sigsegv

### ISSUE THREAD

**Issue by JackySu** [PPKunOfficial/Hikari-LLVM19#3]
我尝试了多版 rust 工具链，但每版工具链都会有不同的 sigsegv 报错，也没查出所以然
请问作者能否把 `rustc --version --verbose` 贴一下？方便我找到特定某一天的 nightly 版本 修复/复现 问题，谢谢！

**Comment by JackySu** [comment]
fyi linux运行现状
nightly-2024-06-30-x86_64-unknown-linux-gnu 卡死
```
std::mt19937_64 seeded with current timestamp: 1740536387666
Initializing Hikari Core with Revision ID:5dd3902a0f2c74570e0ab7a637c57a3cccaed9fd
Running Hikari On helloworld.74428c40fb624c74-cgu.0
    Building [                             ] 0/1: helloworld(bin)
```
nightly-2024-12-01-x86_64-unknown-linux-gnu sigsegv
```
#0  0x0000777c45bd08c7 in llvm::EnumEntry<unsigned int>::EnumEntry () at /usr/src/debug/llvm/llvm-19.1.7.src/include/llvm/Support/ScopedPrinter.h:36
36	     : Name(N), AltName(A), Value(V) {}
[Current thread is 1 (Thread 0x777c4dfff6c0 (LWP 17890))]
(gdb) bt full
#0  0x0000777c45bd08c7 in llvm::EnumEntry<unsigned int>::EnumEntry ()
    at /usr/src/debug/llvm/llvm-19.1.7.src/include/llvm/Support/ScopedPrinter.h:36
No locals.
#1  __static_initialization_and_destruction_0 () at /usr/src/debug/llvm/llvm-19.1.7.src/lib/Object/ELFObjectFile.cpp:58
No locals.
#2  _GLOBAL__sub_I_ELFObjectFile.cpp(void) () at /usr/src/debug/llvm/llvm-19.1.7.src/lib/Object/ELFObjectFile.cpp:1026
No locals.
#3  0x0000777c673841d7 in call_init (l=<optimized out>, argc=31, argv=0x7ffedc777b28, env=0x7ffedc777c28) at dl-init.c:74
        j = 0
        jm = <optimized out>
        addrs = <optimized out>
        init_array = <optimized out>
        __PRETTY_FUNCTION__ = "call_init"
        init_array = <optimized out>
        j = <optimized out>
        jm = <optimized out>
        addrs = <optimized out>
#4  call_init (l=<optimized out>, argc=31, argv=0x7ffedc777b28, env=0x7ffedc777c28) at dl-init.c:26
(gdb) info registers
rax            0x777c5da149b0      131376030501296
rbx            0x777c4da1b508      131375762093320
rcx            0x777c4aba23ef      131375713362927
...
(gdb) x/5i $pc
=> 0x777c45bd08c7 <_GLOBAL__sub_I_ELFObjectFile.cpp(void)+39>:	mov    QWORD PTR [rax],rcx
   0x777c45bd08ca <_GLOBAL__sub_I_ELFObjectFile.cpp(void)+42>:	lea    rcx,[rip+0x4fd9409]        # 0x777c4aba9cda
   0x777c45bd08d1 <_GLOBAL__sub_I_ELFObjectFile.cpp(void)+49>:	mov    QWORD PTR [rax+0x10],rsi
   0x777c45bd08d5 <_GLOBAL__sub_I_ELFObjectFile.cpp(void)+53>:	lea    rsi,[rip+0x502dfc0]        # 0x777c4abfe89c
   0x777c45bd08dc <_GLOBAL__sub_I_ELFObjectFile.cpp(void)+60>:	mov    QWORD PTR [rax+0x28],rdi
```
1.87 nightly
```
(gdb) bt full
#0  llvm::DenseMapBase<llvm::DenseMap<llvm::Value const*, llvm::StringMapEntry<llvm::Value*>*, llvm::DenseMapInfo<llvm::Value const*, void>, llvm::detail::DenseMapPair<llvm::Value const*, llvm::StringMapEntry<llvm::Value*>*> >, llvm::Value const*, llvm::StringMapEntry<llvm::Value*>*, llvm::DenseMapInfo<llvm::Value const*, void>, llvm::detail::DenseMapPair<llvm::Value const*, llvm::StringMapEntry<llvm::Value*>*> >::LookupBucketFor<llvm::Value const*> ()
    at /usr/src/debug/llvm/llvm-19.1.7.src/include/llvm/ADT/DenseMap.h:674
No locals.
#1  llvm::DenseMapBase<llvm::DenseMap<llvm::Value const*, llvm::StringMapEntry<llvm::Value*>*, llvm::DenseMapInfo<llvm::Value const*, void>, llvm::detail::DenseMapPair<llvm::Value const*, llvm::StringMapEntry<llvm::Value*>*> >, llvm::Value const*, llvm::StringMapEntry<llvm::Value*>*, llvm::DenseMapInfo<llvm::Value const*, void>, llvm::detail::DenseMapPair<llvm::Value const*, llvm::StringMapEntry<llvm::Value*>*> >::LookupBucketFor<llvm::Value const*> ()
    at /usr/src/debug/llvm/llvm-19.1.7.src/include/llvm/ADT/DenseMap.h:705
No locals.
#2  llvm::DenseMapBase<llvm::DenseMap<llvm::Value const*, llvm::StringMapEntry<llvm::Value*>*, llvm::DenseMapInfo<llvm::Value const*, void>, llvm::detail::DenseMapPair<llvm::Value const*, llvm::StringMapEntry<llvm::Value*>*> >, llvm::Value const*, llvm::StringMapEntry<llvm::Value*>*, llvm::DenseMapInfo<llvm::Value const*, void>, llvm::detail::DenseMapPair<llvm::Value const*, llvm::StringMapEntry<llvm::Value*>*> >::find ()
    at /usr/src/debug/llvm/llvm-19.1.7.src/include/llvm/ADT/DenseMap.h:157
(gdb) info registers
rax            0xd8e90000          3639148544
rbx            0x7dcbdef88e08      138314572664328
rcx            0x6880f4a7e         28052507262
...
(gdb) x/5i $pc
=> 0x7dcbcfc7b9ed <_ZNK4llvm5Value7getNameEv+77>:       mov    r8,QWORD PTR [rcx]
   0x7dcbcfc7b9f0 <_ZNK4llvm5Value7getNameEv+80>:       cmp    rdx,r8
   0x7dcbcfc7b9f3 <_ZNK4llvm5Value7getNameEv+83>:       jne    0x7dcbcfc7ba20 <_ZNK4llvm5Value7getNameEv+128>
   0x7dcbcfc7b9f5 <_ZNK4llvm5Value7getNameEv+85>:       mov    rcx,QWORD PTR [rcx+0x8]
   0x7dcbcfc7b9f9 <_ZNK4llvm5Value7getNameEv+89>:       mov    rax,QWORD PTR [rcx]
```
等有空的时候找一下具体样例

**Comment by PPKunOfficial** [comment]
这是我的rustc版本，但是我没试过linux能不能运行，手头只有mac，而且我也不是专门搞这个的，只是想看看能不能提取出pass而已(lol
```
rustc 1.83.0 (90b35a623 2024-11-26)
binary: rustc
commit-hash: 90b35a6239c3d8bdabc530a6a0816f7ff89a0aaf
commit-date: 2024-11-26
host: aarch64-apple-darwin
release: 1.83.0
LLVM version: 19.1.1
```

**Comment by JackySu** [comment]
1. clone llvm 19.1 used by rustc and compile 
```bash
git clone https://github.com/rust-lang/llvm-project/ --branch rustc/19.1-2024-09-17
cd llvm-project
mkdir build && cd build
cmake -G Ninja ../llvm -DCMAKE_INSTALL_PREFIX="./llvm_x64" -DCMAKE_CXX_STANDARD=17 -DCMAKE_BUILD_TYPE=Release -DLLVM_TARGETS_TO_BUILD="X86" -DLLVM_EXPORT_SYMBOLS_FOR_PLUGINS=ON -DLLVM_ENABLE_BACKTRACES=ON -DLLVM_INCLUDE_BENCHMARKS=OFF -DLLVM_INCLUDE_EXAMPLES=OFF -DLLVM_INCLUDE_TESTS=OFF -DLL
VM_INCLUDE_TOOLS=ON -DLLVM_INSTALL_UTILS=OFF
```

2. ![Image](https://github.com/user-attachments/assets/a3f516b8-5475-4228-9ff0-d1d497a90bcf)
modify obfuscation/CMakeLists.txt

managed to compile and run on Ubuntu 24.04, haven't tested on other linux distros yet
